Using pre-set license
Built from '2021.3/staging' branch; Version is '2021.3.19f1 (c9714fde33b6) revision 13201743'; Using compiler version '192829333'; Build Type 'Release'
OS: 'Windows 10  (10.0.19045) 64bit Core' Language: 'uk' Physical Memory: 8060 MB
BatchMode: 1, IsHumanControllingUs: 0, StartBugReporterOnCrash: 0, Is64bit: 1, IsPro: 1

COMMAND LINE ARGUMENTS:
C:\Program Files\Unity\Hub\Editor\2021.3.19f1\Editor\Unity.exe
-adb2
-batchMode
-noUpm
-name
AssetImportWorker1
-projectPath
D:/Unity/MobilePlatformer/MobilePlatformer
-logFile
Logs/AssetImportWorker1.log
-srvPort
59104
Successfully changed project path to: D:/Unity/MobilePlatformer/MobilePlatformer
D:/Unity/MobilePlatformer/MobilePlatformer
[UnityMemory] Configuration Parameters - Can be set up in boot.config
    "memorysetup-bucket-allocator-granularity=16"
    "memorysetup-bucket-allocator-bucket-count=8"
    "memorysetup-bucket-allocator-block-size=33554432"
    "memorysetup-bucket-allocator-block-count=8"
    "memorysetup-main-allocator-block-size=16777216"
    "memorysetup-thread-allocator-block-size=16777216"
    "memorysetup-gfx-main-allocator-block-size=16777216"
    "memorysetup-gfx-thread-allocator-block-size=16777216"
    "memorysetup-cache-allocator-block-size=4194304"
    "memorysetup-typetree-allocator-block-size=2097152"
    "memorysetup-profiler-bucket-allocator-granularity=16"
    "memorysetup-profiler-bucket-allocator-bucket-count=8"
    "memorysetup-profiler-bucket-allocator-block-size=33554432"
    "memorysetup-profiler-bucket-allocator-block-count=8"
    "memorysetup-profiler-allocator-block-size=16777216"
    "memorysetup-profiler-editor-allocator-block-size=1048576"
    "memorysetup-temp-allocator-size-main=16777216"
    "memorysetup-job-temp-allocator-block-size=2097152"
    "memorysetup-job-temp-allocator-block-size-background=1048576"
    "memorysetup-job-temp-allocator-reduction-small-platforms=262144"
    "memorysetup-temp-allocator-size-background-worker=32768"
    "memorysetup-temp-allocator-size-job-worker=262144"
    "memorysetup-temp-allocator-size-preload-manager=33554432"
    "memorysetup-temp-allocator-size-nav-mesh-worker=65536"
    "memorysetup-temp-allocator-size-audio-worker=65536"
    "memorysetup-temp-allocator-size-cloud-worker=32768"
    "memorysetup-temp-allocator-size-gi-baking-worker=262144"
    "memorysetup-temp-allocator-size-gfx=262144"
Player connection [15208] Host "[IP] 192.168.28.1 [Port] 0 [Flags] 2 [Guid] 2140926621 [EditorId] 2140926621 [Version] 1048832 [Id] WindowsEditor(7,DESKTOP-C2K7U42) [Debug] 1 [PackageName] WindowsEditor [ProjectName] Editor" joined multi-casting on [225.0.0.222:54997]...

Player connection [15208] Host "[IP] 192.168.28.1 [Port] 0 [Flags] 2 [Guid] 2140926621 [EditorId] 2140926621 [Version] 1048832 [Id] WindowsEditor(7,DESKTOP-C2K7U42) [Debug] 1 [PackageName] WindowsEditor [ProjectName] Editor" joined alternative multi-casting on [225.0.0.222:34997]...

Refreshing native plugins compatible for Editor in 102.69 ms, found 4 plugins.
Preloading 0 native plugins for Editor in 0.00 ms.
Initialize engine version: 2021.3.19f1 (c9714fde33b6)
[Subsystems] Discovering subsystems at path C:/Program Files/Unity/Hub/Editor/2021.3.19f1/Editor/Data/Resources/UnitySubsystems
[Subsystems] Discovering subsystems at path D:/Unity/MobilePlatformer/MobilePlatformer/Assets
GfxDevice: creating device client; threaded=0; jobified=0
Direct3D:
    Version:  Direct3D 11.0 [level 11.1]
    Renderer: NVIDIA GeForce MX250 (ID=0x1d13)
    Vendor:   NVIDIA
    VRAM:     1983 MB
    Driver:   30.0.14.9729
Initialize mono
Mono path[0] = 'C:/Program Files/Unity/Hub/Editor/2021.3.19f1/Editor/Data/Managed'
Mono path[1] = 'C:/Program Files/Unity/Hub/Editor/2021.3.19f1/Editor/Data/MonoBleedingEdge/lib/mono/unityjit-win32'
Mono config path = 'C:/Program Files/Unity/Hub/Editor/2021.3.19f1/Editor/Data/MonoBleedingEdge/etc'
Using monoOptions --debugger-agent=transport=dt_socket,embedding=1,server=y,suspend=n,address=127.0.0.1:56064
Begin MonoManager ReloadAssembly
Registering precompiled unity dll's ...
Register platform support module: C:/Program Files/Unity/Hub/Editor/2021.3.19f1/Editor/Data/PlaybackEngines/WebGLSupport/UnityEditor.WebGL.Extensions.dll
Register platform support module: C:/Program Files/Unity/Hub/Editor/2021.3.19f1/Editor/Data/PlaybackEngines/AndroidPlayer/UnityEditor.Android.Extensions.dll
Register platform support module: C:/Program Files/Unity/Hub/Editor/2021.3.19f1/Editor/Data/PlaybackEngines/WindowsStandaloneSupport/UnityEditor.WindowsStandalone.Extensions.dll
Register platform support module: C:/Program Files/Unity/Hub/Editor/2021.3.19f1/Editor/Data/PlaybackEngines/MetroSupport/UnityEditor.UWP.Extensions.dll
Registered in 0.010939 seconds.
Native extension for UWP target not found
Native extension for WindowsStandalone target not found
Native extension for Android target not found
Android Extension - Scanning For ADB Devices 276 ms
Native extension for WebGL target not found
Refreshing native plugins compatible for Editor in 104.28 ms, found 4 plugins.
Preloading 0 native plugins for Editor in 0.00 ms.
Mono: successfully reloaded assembly
- Completed reload, in  1.122 seconds
Domain Reload Profiling:
	ReloadAssembly (1122ms)
		BeginReloadAssembly (83ms)
			ExecutionOrderSort (0ms)
			DisableScriptedObjects (0ms)
			BackupInstance (0ms)
			ReleaseScriptingObjects (0ms)
			CreateAndSetChildDomain (1ms)
		EndReloadAssembly (910ms)
			LoadAssemblies (81ms)
			RebuildTransferFunctionScriptingTraits (0ms)
			SetupTypeCache (188ms)
			ReleaseScriptCaches (0ms)
			RebuildScriptCaches (32ms)
			SetupLoadedEditorAssemblies (626ms)
				LogAssemblyErrors (0ms)
				InitializePlatformSupportModulesInManaged (382ms)
				SetLoadedEditorAssemblies (0ms)
				RefreshPlugins (104ms)
				BeforeProcessingInitializeOnLoad (1ms)
				ProcessInitializeOnLoadAttributes (95ms)
				ProcessInitializeOnLoadMethodAttributes (43ms)
				AfterProcessingInitializeOnLoad (0ms)
				EditorAssembliesLoaded (0ms)
			ExecutionOrderSort2 (0ms)
			AwakeInstancesAfterBackupRestoration (0ms)
Platform modules already initialized, skipping
Registering precompiled user dll's ...
Registered in 0.004514 seconds.
Begin MonoManager ReloadAssembly
Symbol file LoadedFromMemory doesn't match image D:\Unity\MobilePlatformer\MobilePlatformer\Library\PackageCache\com.unity.visualscripting@1.8.0\Editor\VisualScripting.Core\Dependencies\YamlDotNet\Unity.VisualScripting.YamlDotNet.dll
Symbol file LoadedFromMemory doesn't match image D:\Unity\MobilePlatformer\MobilePlatformer\Library\PackageCache\com.unity.visualscripting@1.8.0\Editor\VisualScripting.Core\Dependencies\DotNetZip\Unity.VisualScripting.IonicZip.dll
Native extension for UWP target not found
Native extension for WindowsStandalone target not found
Native extension for Android target not found
Native extension for WebGL target not found
Refreshing native plugins compatible for Editor in 95.13 ms, found 4 plugins.
Preloading 0 native plugins for Editor in 0.00 ms.
Mono: successfully reloaded assembly
- Completed reload, in  1.214 seconds
Domain Reload Profiling:
	ReloadAssembly (1215ms)
		BeginReloadAssembly (122ms)
			ExecutionOrderSort (0ms)
			DisableScriptedObjects (6ms)
			BackupInstance (0ms)
			ReleaseScriptingObjects (0ms)
			CreateAndSetChildDomain (20ms)
		EndReloadAssembly (968ms)
			LoadAssemblies (94ms)
			RebuildTransferFunctionScriptingTraits (0ms)
			SetupTypeCache (267ms)
			ReleaseScriptCaches (1ms)
			RebuildScriptCaches (66ms)
			SetupLoadedEditorAssemblies (476ms)
				LogAssemblyErrors (0ms)
				InitializePlatformSupportModulesInManaged (21ms)
				SetLoadedEditorAssemblies (0ms)
				RefreshPlugins (95ms)
				BeforeProcessingInitializeOnLoad (96ms)
				ProcessInitializeOnLoadAttributes (215ms)
				ProcessInitializeOnLoadMethodAttributes (42ms)
				AfterProcessingInitializeOnLoad (8ms)
				EditorAssembliesLoaded (0ms)
			ExecutionOrderSort2 (0ms)
			AwakeInstancesAfterBackupRestoration (7ms)
Platform modules already initialized, skipping
========================================================================
Worker process is ready to serve import requests
Launched and connected shader compiler UnityShaderCompiler.exe after 0.05 seconds
Refreshing native plugins compatible for Editor in 1.03 ms, found 4 plugins.
Preloading 0 native plugins for Editor in 0.00 ms.
Unloading 3761 Unused Serialized files (Serialized files now loaded: 0)
Unloading 41 unused Assets / (229.1 KB). Loaded Objects now: 4221.
Memory consumption went from 143.6 MB to 143.3 MB.
Total: 3.665300 ms (FindLiveObjects: 0.357100 ms CreateObjectMapping: 0.249400 ms MarkObjects: 2.836300 ms  DeleteObjects: 0.221000 ms)

AssetImportParameters requested are different than current active one (requested -> active):
  custom:video-decoder-ogg-theora: a1e56fd34408186e4bbccfd4996cb3dc -> 
  custom:container-muxer-webm: aa71ff27fc2769a1b78a27578f13a17b -> 
  custom:container-demuxer-webm: 4f35f7cbe854078d1ac9338744f61a02 -> 
  custom:video-encoder-webm-vp8: eb34c28f22e8b96e1ab97ce403110664 -> 
  custom:audio-encoder-webm-vorbis: bf7c407c2cedff20999df2af8eb42d56 -> 
  custom:framework-win-MediaFoundation: 216162199b28c13a410421893ffa2e32 -> 
  custom:container-demuxer-ogg: 62fdf1f143b41e24485cea50d1cbac27 -> 
  custom:video-decoder-webm-vp8: 9c59270c3fd7afecdb556c50c9e8de78 -> 
  custom:audio-decoder-ogg-vorbis: bf7c407c2cedff20999df2af8eb42d56 -> 
========================================================================
Received Import Request.
  Time since last request: 940415.199103 seconds.
  path: Assets/Prefabs/Enemies/GreenMonster.prefab
  artifactKey: Guid(d90dc3a2342d50748a8310d878fa2f90) Importer(815301076,1909f56bfc062723c751e8b465ee728b)
Start importing Assets/Prefabs/Enemies/GreenMonster.prefab using Guid(d90dc3a2342d50748a8310d878fa2f90) Importer(815301076,1909f56bfc062723c751e8b465ee728b)  -> (artifact id: '03c585c826681bf9cb17d3effa5ac2b9') in 0.204568 seconds 
========================================================================
Received Import Request.
  Time since last request: 40.682986 seconds.
  path: Assets/Sprites/Actors/Enemies/monster_plant_bevouliin/frame-1.png
  artifactKey: Guid(9029d5b41fc3f42dba746b25345ca1ee) Importer(815301076,1909f56bfc062723c751e8b465ee728b)
Start importing Assets/Sprites/Actors/Enemies/monster_plant_bevouliin/frame-1.png using Guid(9029d5b41fc3f42dba746b25345ca1ee) Importer(815301076,1909f56bfc062723c751e8b465ee728b)  -> (artifact id: '2b1370b0d98d7b223e2ba8f617c3087e') in 0.084584 seconds 
========================================================================
Received Import Request.
  Time since last request: 0.000032 seconds.
  path: Assets/Sprites/Actors/Enemies/monster_sqaure/standing/frame-3.png
  artifactKey: Guid(04dc0e21b43784bd687d9735af711819) Importer(815301076,1909f56bfc062723c751e8b465ee728b)
Start importing Assets/Sprites/Actors/Enemies/monster_sqaure/standing/frame-3.png using Guid(04dc0e21b43784bd687d9735af711819) Importer(815301076,1909f56bfc062723c751e8b465ee728b)  -> (artifact id: '808223a9bd1c09422632fa908ec3d01e') in 0.049310 seconds 
========================================================================
Received Import Request.
  Time since last request: 0.000024 seconds.
  path: Assets/Sprites/Actors/Enemies/monster_tiger/transparent PNG/faint/frame-3.png
  artifactKey: Guid(da37ac3adb6d64f0ab5ea83eaf453880) Importer(815301076,1909f56bfc062723c751e8b465ee728b)
Start importing Assets/Sprites/Actors/Enemies/monster_tiger/transparent PNG/faint/frame-3.png using Guid(da37ac3adb6d64f0ab5ea83eaf453880) Importer(815301076,1909f56bfc062723c751e8b465ee728b)  -> (artifact id: '63ecdd636dc681b98d6d194e9102e076') in 0.048469 seconds 
========================================================================
Received Import Request.
  Time since last request: 0.000092 seconds.
  path: Assets/Sprites/Actors/Enemies/monster_tiger/transparent PNG/dizzy/frame-2.png
  artifactKey: Guid(e92ce6c057a6240f199938929986737c) Importer(815301076,1909f56bfc062723c751e8b465ee728b)
Start importing Assets/Sprites/Actors/Enemies/monster_tiger/transparent PNG/dizzy/frame-2.png using Guid(e92ce6c057a6240f199938929986737c) Importer(815301076,1909f56bfc062723c751e8b465ee728b)  -> (artifact id: 'd5dca4ece5204aafd61089e94a6fe26b') in 0.039022 seconds 
========================================================================
Received Import Request.
  Time since last request: 0.000034 seconds.
  path: Assets/Sprites/Actors/Enemies/monster_sqaure/standing/frame-1.png
  artifactKey: Guid(d3914cf2ff2af4ca5bdc9924ca119bf4) Importer(815301076,1909f56bfc062723c751e8b465ee728b)
Start importing Assets/Sprites/Actors/Enemies/monster_sqaure/standing/frame-1.png using Guid(d3914cf2ff2af4ca5bdc9924ca119bf4) Importer(815301076,1909f56bfc062723c751e8b465ee728b)  -> (artifact id: '42c14c11ebbf5a03bb38f7a4b5b22efd') in 0.037554 seconds 
========================================================================
Received Import Request.
  Time since last request: 0.000023 seconds.
  path: Assets/Sprites/Actors/Enemies/monster_tiger/transparent PNG/faint/frame-2.png
  artifactKey: Guid(04c0734fa785043bca53156d7844529d) Importer(815301076,1909f56bfc062723c751e8b465ee728b)
Start importing Assets/Sprites/Actors/Enemies/monster_tiger/transparent PNG/faint/frame-2.png using Guid(04c0734fa785043bca53156d7844529d) Importer(815301076,1909f56bfc062723c751e8b465ee728b)  -> (artifact id: '941849e81e9f53c696edc260a26628ea') in 0.032010 seconds 
========================================================================
Received Import Request.
  Time since last request: 0.000022 seconds.
  path: Assets/Sprites/Actors/Enemies/monster-croc/Crocodile Mascot Running Game Character/transparent PNG/faint/frame-1.png
  artifactKey: Guid(eda2ef05f4f264380a254c5414ba0d6d) Importer(815301076,1909f56bfc062723c751e8b465ee728b)
Start importing Assets/Sprites/Actors/Enemies/monster-croc/Crocodile Mascot Running Game Character/transparent PNG/faint/frame-1.png using Guid(eda2ef05f4f264380a254c5414ba0d6d) Importer(815301076,1909f56bfc062723c751e8b465ee728b)  -> (artifact id: '55df1a4e7c777442afb2d659bb248a5e') in 0.037840 seconds 
========================================================================
Received Import Request.
  Time since last request: 0.000026 seconds.
  path: Assets/Sprites/Actors/Enemies/monster-croc/Crocodile Mascot Running Game Character/transparent PNG/run/frame-3.png
  artifactKey: Guid(fdf15a75be6c842c095e9a6f42ecbf14) Importer(815301076,1909f56bfc062723c751e8b465ee728b)
Start importing Assets/Sprites/Actors/Enemies/monster-croc/Crocodile Mascot Running Game Character/transparent PNG/run/frame-3.png using Guid(fdf15a75be6c842c095e9a6f42ecbf14) Importer(815301076,1909f56bfc062723c751e8b465ee728b)  -> (artifact id: '39039c174ddabe8e5a581248d6fd7f7f') in 0.029011 seconds 
========================================================================
Received Import Request.
  Time since last request: 0.000029 seconds.
  path: Assets/Sprites/Actors/Enemies/monster_tiger/transparent PNG/dizzy/frame-1.png
  artifactKey: Guid(b9464aa2d54544b57aa20c6e301ec222) Importer(815301076,1909f56bfc062723c751e8b465ee728b)
Start importing Assets/Sprites/Actors/Enemies/monster_tiger/transparent PNG/dizzy/frame-1.png using Guid(b9464aa2d54544b57aa20c6e301ec222) Importer(815301076,1909f56bfc062723c751e8b465ee728b)  -> (artifact id: '5b11aa861c1b1693b7c607aeb6a934b7') in 0.041601 seconds 
========================================================================
Received Import Request.
  Time since last request: 0.000142 seconds.
  path: Assets/Sprites/Actors/Enemies/monster-croc/Crocodile Mascot Running Game Character/transparent PNG/run/frame-2.png
  artifactKey: Guid(1ba502273120643a1a43ebd030da1860) Importer(815301076,1909f56bfc062723c751e8b465ee728b)
Start importing Assets/Sprites/Actors/Enemies/monster-croc/Crocodile Mascot Running Game Character/transparent PNG/run/frame-2.png using Guid(1ba502273120643a1a43ebd030da1860) Importer(815301076,1909f56bfc062723c751e8b465ee728b)  -> (artifact id: '4013061d0a9743019991394ea3d35054') in 0.024864 seconds 
========================================================================
Received Import Request.
  Time since last request: 0.000047 seconds.
  path: Assets/Sprites/Actors/Enemies/monster-croc/Crocodile Mascot Running Game Character/transparent PNG/idle/frame-1.png
  artifactKey: Guid(63717124361ce49ba8bfd2f8c3c477bb) Importer(815301076,1909f56bfc062723c751e8b465ee728b)
Start importing Assets/Sprites/Actors/Enemies/monster-croc/Crocodile Mascot Running Game Character/transparent PNG/idle/frame-1.png using Guid(63717124361ce49ba8bfd2f8c3c477bb) Importer(815301076,1909f56bfc062723c751e8b465ee728b)  -> (artifact id: '8d4bfe086ab92faf3f3415521d7949b2') in 0.031531 seconds 
========================================================================
Received Import Request.
  Time since last request: 0.000029 seconds.
  path: Assets/Sprites/Actors/Enemies/monster_sqaure/standing/frame-4.png
  artifactKey: Guid(063070f9d2f0a476492f4f0f2a5d114a) Importer(815301076,1909f56bfc062723c751e8b465ee728b)
Start importing Assets/Sprites/Actors/Enemies/monster_sqaure/standing/frame-4.png using Guid(063070f9d2f0a476492f4f0f2a5d114a) Importer(815301076,1909f56bfc062723c751e8b465ee728b)  -> (artifact id: '9dcbb8ec151bd3d8cfb2df01650dbb71') in 0.032744 seconds 
========================================================================
Received Import Request.
  Time since last request: 0.000044 seconds.
  path: Assets/Sprites/Actors/Enemies/monster_tiger/transparent PNG/run/frame-4.png
  artifactKey: Guid(6f867c32f760a45789f2e0c106b47537) Importer(815301076,1909f56bfc062723c751e8b465ee728b)
Start importing Assets/Sprites/Actors/Enemies/monster_tiger/transparent PNG/run/frame-4.png using Guid(6f867c32f760a45789f2e0c106b47537) Importer(815301076,1909f56bfc062723c751e8b465ee728b)  -> (artifact id: 'c7b4b7bf8c684efde5b05dad90aa14ed') in 0.035535 seconds 
========================================================================
Received Import Request.
  Time since last request: 2.817914 seconds.
  path: Assets/Sprites/Actors/Enemies/CC0 Sprites Kenney/spider_dead.png
  artifactKey: Guid(83998888165e34ed9ba1d196c1e466b8) Importer(815301076,1909f56bfc062723c751e8b465ee728b)
Start importing Assets/Sprites/Actors/Enemies/CC0 Sprites Kenney/spider_dead.png using Guid(83998888165e34ed9ba1d196c1e466b8) Importer(815301076,1909f56bfc062723c751e8b465ee728b)  -> (artifact id: '46de414e75714b0f3b64b8577196fb73') in 0.034508 seconds 
========================================================================
Received Import Request.
  Time since last request: 0.000027 seconds.
  path: Assets/Sprites/Actors/Enemies/CC0 Sprites Kenney/spider_hit.png
  artifactKey: Guid(6219bc1d0a188465f9b43a69eb4021a5) Importer(815301076,1909f56bfc062723c751e8b465ee728b)
Start importing Assets/Sprites/Actors/Enemies/CC0 Sprites Kenney/spider_hit.png using Guid(6219bc1d0a188465f9b43a69eb4021a5) Importer(815301076,1909f56bfc062723c751e8b465ee728b)  -> (artifact id: '189607a701584d3ccddf08e63fb9c8f3') in 0.028676 seconds 
========================================================================
Received Import Request.
  Time since last request: 100.123086 seconds.
  path: Assets/Sprites/Actors/Enemies/CC0 Sprites Kenney/bat_fly.png
  artifactKey: Guid(43007e2ec51b74ab3b4e26e20eca5487) Importer(815301076,1909f56bfc062723c751e8b465ee728b)
Start importing Assets/Sprites/Actors/Enemies/CC0 Sprites Kenney/bat_fly.png using Guid(43007e2ec51b74ab3b4e26e20eca5487) Importer(815301076,1909f56bfc062723c751e8b465ee728b)  -> (artifact id: 'd00fc7863c11df472cd6e830c2bdae03') in 0.017468 seconds 
========================================================================
Received Import Request.
  Time since last request: 0.000028 seconds.
  path: Assets/Sprites/Actors/Enemies/CC0 Sprites Kenney/fishPink.png
  artifactKey: Guid(58eb73d763bdb48aab78112c255a59cf) Importer(815301076,1909f56bfc062723c751e8b465ee728b)
Start importing Assets/Sprites/Actors/Enemies/CC0 Sprites Kenney/fishPink.png using Guid(58eb73d763bdb48aab78112c255a59cf) Importer(815301076,1909f56bfc062723c751e8b465ee728b)  -> (artifact id: '0e7cb2b3f98921b504800373513f78d6') in 0.014789 seconds 
========================================================================
Received Import Request.
  Time since last request: 0.000063 seconds.
  path: Assets/Sprites/Actors/Enemies/CC0 Sprites Kenney/fishPink_dead.png
  artifactKey: Guid(2eb78cfdbf5f2443ebdcade28c39d12e) Importer(815301076,1909f56bfc062723c751e8b465ee728b)
Start importing Assets/Sprites/Actors/Enemies/CC0 Sprites Kenney/fishPink_dead.png using Guid(2eb78cfdbf5f2443ebdcade28c39d12e) Importer(815301076,1909f56bfc062723c751e8b465ee728b)  -> (artifact id: '99bf9b8e7460baee3acaf39f39582220') in 0.013659 seconds 
========================================================================
Received Import Request.
  Time since last request: 0.000025 seconds.
  path: Assets/Sprites/Actors/Enemies/CC0 Sprites Kenney/bee_dead.png
  artifactKey: Guid(5ac8f69ca5a044321a620628a988bb65) Importer(815301076,1909f56bfc062723c751e8b465ee728b)
Start importing Assets/Sprites/Actors/Enemies/CC0 Sprites Kenney/bee_dead.png using Guid(5ac8f69ca5a044321a620628a988bb65) Importer(815301076,1909f56bfc062723c751e8b465ee728b)  -> (artifact id: '21bceb4ba40419ec146b020ef59369f9') in 0.012759 seconds 
========================================================================
Received Import Request.
  Time since last request: 0.000048 seconds.
  path: Assets/Sprites/Actors/Enemies/CC0 Sprites Kenney/frog_hit.png
  artifactKey: Guid(7eaca767c48bb41d890b66a97977a62a) Importer(815301076,1909f56bfc062723c751e8b465ee728b)
Start importing Assets/Sprites/Actors/Enemies/CC0 Sprites Kenney/frog_hit.png using Guid(7eaca767c48bb41d890b66a97977a62a) Importer(815301076,1909f56bfc062723c751e8b465ee728b)  -> (artifact id: '205ebc5ae60df3f5ec2e4cdfffb5ad77') in 0.011224 seconds 
========================================================================
Received Import Request.
  Time since last request: 0.000027 seconds.
  path: Assets/Sprites/Actors/Enemies/CC0 Sprites Kenney/slimeBlock_hit.png
  artifactKey: Guid(167d712a3a75b49e3b1527ca2c5eecb3) Importer(815301076,1909f56bfc062723c751e8b465ee728b)
Start importing Assets/Sprites/Actors/Enemies/CC0 Sprites Kenney/slimeBlock_hit.png using Guid(167d712a3a75b49e3b1527ca2c5eecb3) Importer(815301076,1909f56bfc062723c751e8b465ee728b)  -> (artifact id: '55aa1b5ff64abf294009fc6934b49aae') in 0.018186 seconds 
========================================================================
Received Import Request.
  Time since last request: 0.000019 seconds.
  path: Assets/Sprites/Actors/Enemies/CC0 Sprites Kenney/bat_hit.png
  artifactKey: Guid(5456e42f6307b4c158a3f774ac7a418b) Importer(815301076,1909f56bfc062723c751e8b465ee728b)
Start importing Assets/Sprites/Actors/Enemies/CC0 Sprites Kenney/bat_hit.png using Guid(5456e42f6307b4c158a3f774ac7a418b) Importer(815301076,1909f56bfc062723c751e8b465ee728b)  -> (artifact id: '757e3d80f125e9147926589e8651de54') in 0.013484 seconds 
========================================================================
Received Import Request.
  Time since last request: 0.000019 seconds.
  path: Assets/Sprites/Actors/Enemies/CC0 Sprites Kenney/piranha_down.png
  artifactKey: Guid(0aba325dd9d5b4f7b93127eee53edd1a) Importer(815301076,1909f56bfc062723c751e8b465ee728b)
Start importing Assets/Sprites/Actors/Enemies/CC0 Sprites Kenney/piranha_down.png using Guid(0aba325dd9d5b4f7b93127eee53edd1a) Importer(815301076,1909f56bfc062723c751e8b465ee728b)  -> (artifact id: 'f19e1eb0640c0aaf487c886e1e476fdc') in 0.012016 seconds 
========================================================================
Received Import Request.
  Time since last request: 0.000025 seconds.
  path: Assets/Sprites/Actors/Enemies/CC0 Sprites Kenney/mouse_walk.png
  artifactKey: Guid(cbb5c54cca42042c4ab2145b6c42a0d9) Importer(815301076,1909f56bfc062723c751e8b465ee728b)
Start importing Assets/Sprites/Actors/Enemies/CC0 Sprites Kenney/mouse_walk.png using Guid(cbb5c54cca42042c4ab2145b6c42a0d9) Importer(815301076,1909f56bfc062723c751e8b465ee728b)  -> (artifact id: '6f4e9a78abcff383f8a9128e344e0667') in 0.012561 seconds 
========================================================================
Received Import Request.
  Time since last request: 0.000053 seconds.
  path: Assets/Sprites/Actors/Enemies/CC0 Sprites Kenney/ghost.png
  artifactKey: Guid(845f41aff35514f23a49fb464f85bf5b) Importer(815301076,1909f56bfc062723c751e8b465ee728b)
Start importing Assets/Sprites/Actors/Enemies/CC0 Sprites Kenney/ghost.png using Guid(845f41aff35514f23a49fb464f85bf5b) Importer(815301076,1909f56bfc062723c751e8b465ee728b)  -> (artifact id: '4339b4c4ac3dd472d51f5234f1a8fc3a') in 0.013057 seconds 
========================================================================
Received Import Request.
  Time since last request: 0.000041 seconds.
  path: Assets/Sprites/Actors/Enemies/CC0 Sprites Kenney/slimeBlue_hit.png
  artifactKey: Guid(b7293f8bf4de2445e822b7f0fb1b3ba2) Importer(815301076,1909f56bfc062723c751e8b465ee728b)
Start importing Assets/Sprites/Actors/Enemies/CC0 Sprites Kenney/slimeBlue_hit.png using Guid(b7293f8bf4de2445e822b7f0fb1b3ba2) Importer(815301076,1909f56bfc062723c751e8b465ee728b)  -> (artifact id: '6ac9ae3e092897187e38ed85237b8742') in 0.013280 seconds 
========================================================================
Received Import Request.
  Time since last request: 0.000133 seconds.
  path: Assets/Sprites/Actors/Enemies/CC0 Sprites Kenney/slimeGreen_dead.png
  artifactKey: Guid(777a63feb0336467f9ec7708fab6d77f) Importer(815301076,1909f56bfc062723c751e8b465ee728b)
Start importing Assets/Sprites/Actors/Enemies/CC0 Sprites Kenney/slimeGreen_dead.png using Guid(777a63feb0336467f9ec7708fab6d77f) Importer(815301076,1909f56bfc062723c751e8b465ee728b)  -> (artifact id: '1391881c54840518768e89cd8a5c41cd') in 0.010455 seconds 
========================================================================
Received Import Request.
  Time since last request: 0.000029 seconds.
  path: Assets/Sprites/Actors/Enemies/CC0 Sprites Kenney/piranha_hit.png
  artifactKey: Guid(de63f252f97cc4ee59bad1a149923f09) Importer(815301076,1909f56bfc062723c751e8b465ee728b)
Start importing Assets/Sprites/Actors/Enemies/CC0 Sprites Kenney/piranha_hit.png using Guid(de63f252f97cc4ee59bad1a149923f09) Importer(815301076,1909f56bfc062723c751e8b465ee728b)  -> (artifact id: 'b382ea23c6dfc484fa1967d880f8c3b3') in 0.012718 seconds 
========================================================================
Received Import Request.
  Time since last request: 0.000027 seconds.
  path: Assets/Sprites/Actors/Enemies/CC0 Sprites Kenney/slime_dead.png
  artifactKey: Guid(cf42d4440ba694963b8ba6adb417eddf) Importer(815301076,1909f56bfc062723c751e8b465ee728b)
Start importing Assets/Sprites/Actors/Enemies/CC0 Sprites Kenney/slime_dead.png using Guid(cf42d4440ba694963b8ba6adb417eddf) Importer(815301076,1909f56bfc062723c751e8b465ee728b)  -> (artifact id: 'f15b6bf049b057cd7ccab25e6fd6fafd') in 0.012370 seconds 
========================================================================
Received Import Request.
  Time since last request: 0.000023 seconds.
  path: Assets/Sprites/Actors/Enemies/CC0 Sprites Kenney/fishGreen_hit.png
  artifactKey: Guid(1406ae89039834c6e8e44b00b4a28c39) Importer(815301076,1909f56bfc062723c751e8b465ee728b)
Start importing Assets/Sprites/Actors/Enemies/CC0 Sprites Kenney/fishGreen_hit.png using Guid(1406ae89039834c6e8e44b00b4a28c39) Importer(815301076,1909f56bfc062723c751e8b465ee728b)  -> (artifact id: '78c9a45fe0128462136477448d2eabbb') in 0.012558 seconds 
========================================================================
Received Import Request.
  Time since last request: 0.000040 seconds.
  path: Assets/Sprites/Actors/Enemies/CC0 Sprites Kenney/slimeBlue_dead.png
  artifactKey: Guid(c14447e9807844282a4581d5e665561d) Importer(815301076,1909f56bfc062723c751e8b465ee728b)
Start importing Assets/Sprites/Actors/Enemies/CC0 Sprites Kenney/slimeBlue_dead.png using Guid(c14447e9807844282a4581d5e665561d) Importer(815301076,1909f56bfc062723c751e8b465ee728b)  -> (artifact id: '370130b1b3b6166f03877a6b32f8e8ab') in 0.012873 seconds 
========================================================================
Received Import Request.
  Time since last request: 0.000028 seconds.
  path: Assets/Sprites/Actors/Enemies/CC0 Sprites Kenney/ladyBug_fly.png
  artifactKey: Guid(69c2756f180464cc5961073c4ceee644) Importer(815301076,1909f56bfc062723c751e8b465ee728b)
Start importing Assets/Sprites/Actors/Enemies/CC0 Sprites Kenney/ladyBug_fly.png using Guid(69c2756f180464cc5961073c4ceee644) Importer(815301076,1909f56bfc062723c751e8b465ee728b)  -> (artifact id: '44eb098a63bdb9d302a2d3657e0c91e0') in 0.014527 seconds 
========================================================================
Received Import Request.
  Time since last request: 0.000023 seconds.
  path: Assets/Sprites/Actors/Enemies/CC0 Sprites Kenney/slime_hit.png
  artifactKey: Guid(de43922ee01e745a09f5219b8477aea1) Importer(815301076,1909f56bfc062723c751e8b465ee728b)
Start importing Assets/Sprites/Actors/Enemies/CC0 Sprites Kenney/slime_hit.png using Guid(de43922ee01e745a09f5219b8477aea1) Importer(815301076,1909f56bfc062723c751e8b465ee728b)  -> (artifact id: 'cb2090f9bc63828e51d2bf6c69c2093e') in 0.012030 seconds 
========================================================================
Received Import Request.
  Time since last request: 0.000028 seconds.
  path: Assets/Sprites/Actors/Enemies/CC0 Sprites Kenney/ladyBug_hit.png
  artifactKey: Guid(f9c4eb57a9d6b4735817f8e354569fdb) Importer(815301076,1909f56bfc062723c751e8b465ee728b)
Start importing Assets/Sprites/Actors/Enemies/CC0 Sprites Kenney/ladyBug_hit.png using Guid(f9c4eb57a9d6b4735817f8e354569fdb) Importer(815301076,1909f56bfc062723c751e8b465ee728b)  -> (artifact id: '22b2f6b2e9cd6b655b1e46d5f80be0b9') in 0.012119 seconds 
========================================================================
Received Import Request.
  Time since last request: 0.000032 seconds.
  path: Assets/Sprites/Actors/Enemies/CC0 Sprites Kenney/slimeBlue_blue.png
  artifactKey: Guid(39c6f062be7ae4152926e56dc5a21ec3) Importer(815301076,1909f56bfc062723c751e8b465ee728b)
Start importing Assets/Sprites/Actors/Enemies/CC0 Sprites Kenney/slimeBlue_blue.png using Guid(39c6f062be7ae4152926e56dc5a21ec3) Importer(815301076,1909f56bfc062723c751e8b465ee728b)  -> (artifact id: '6817bac39d8033cdf46fa8dd60d87cdf') in 0.010722 seconds 
========================================================================
Received Import Request.
  Time since last request: 0.000026 seconds.
  path: Assets/Sprites/Actors/Enemies/CC0 Sprites Kenney/bee_hit.png
  artifactKey: Guid(1b09fb3dc9dce47a98a2efd8af0d25fc) Importer(815301076,1909f56bfc062723c751e8b465ee728b)
Start importing Assets/Sprites/Actors/Enemies/CC0 Sprites Kenney/bee_hit.png using Guid(1b09fb3dc9dce47a98a2efd8af0d25fc) Importer(815301076,1909f56bfc062723c751e8b465ee728b)  -> (artifact id: '991dc9dd1c3c5b3ff80ec6db1b4d03b9') in 0.010868 seconds 
========================================================================
Received Import Request.
  Time since last request: 0.000040 seconds.
  path: Assets/Sprites/Actors/Enemies/CC0 Sprites Kenney/fishGreen_swim.png
  artifactKey: Guid(339f1d5c5d4d842149e39963a0768ae5) Importer(815301076,1909f56bfc062723c751e8b465ee728b)
Start importing Assets/Sprites/Actors/Enemies/CC0 Sprites Kenney/fishGreen_swim.png using Guid(339f1d5c5d4d842149e39963a0768ae5) Importer(815301076,1909f56bfc062723c751e8b465ee728b)  -> (artifact id: 'dcbc3607f8a9a3e6252df803a6194f07') in 0.023802 seconds 
========================================================================
Received Import Request.
  Time since last request: 0.000021 seconds.
  path: Assets/Sprites/Actors/Enemies/CC0 Sprites Kenney/fly_fly.png
  artifactKey: Guid(c6eea5be5abbe47559944a4dfc078af3) Importer(815301076,1909f56bfc062723c751e8b465ee728b)
Start importing Assets/Sprites/Actors/Enemies/CC0 Sprites Kenney/fly_fly.png using Guid(c6eea5be5abbe47559944a4dfc078af3) Importer(815301076,1909f56bfc062723c751e8b465ee728b)  -> (artifact id: '9680ae28b1360357305067ce0b415927') in 0.012188 seconds 
========================================================================
Received Import Request.
  Time since last request: 0.000029 seconds.
  path: Assets/Sprites/Actors/Enemies/CC0 Sprites Kenney/slime.png
  artifactKey: Guid(06ace27a30b184ec3945101608a08e73) Importer(815301076,1909f56bfc062723c751e8b465ee728b)
Start importing Assets/Sprites/Actors/Enemies/CC0 Sprites Kenney/slime.png using Guid(06ace27a30b184ec3945101608a08e73) Importer(815301076,1909f56bfc062723c751e8b465ee728b)  -> (artifact id: 'fc87c6407dd7583f0e2f6c4f1877677f') in 0.014028 seconds 
========================================================================
Received Import Request.
  Time since last request: 0.000020 seconds.
  path: Assets/Sprites/Actors/Enemies/CC0 Sprites Kenney/fly_hit.png
  artifactKey: Guid(9c088388b1e4941d9a8bb7dc5fc79d89) Importer(815301076,1909f56bfc062723c751e8b465ee728b)
Start importing Assets/Sprites/Actors/Enemies/CC0 Sprites Kenney/fly_hit.png using Guid(9c088388b1e4941d9a8bb7dc5fc79d89) Importer(815301076,1909f56bfc062723c751e8b465ee728b)  -> (artifact id: '9f0068e97a78a91c1b235950c568d1d6') in 0.013375 seconds 
========================================================================
Received Import Request.
  Time since last request: 0.000019 seconds.
  path: Assets/Sprites/Actors/Enemies/CC0 Sprites Kenney/slimeGreen.png
  artifactKey: Guid(517e409c856fd42bea12f7202ff3807a) Importer(815301076,1909f56bfc062723c751e8b465ee728b)
Start importing Assets/Sprites/Actors/Enemies/CC0 Sprites Kenney/slimeGreen.png using Guid(517e409c856fd42bea12f7202ff3807a) Importer(815301076,1909f56bfc062723c751e8b465ee728b)  -> (artifact id: 'd504d291902d81477e0c2544a126dd0c') in 0.012719 seconds 
========================================================================
Received Import Request.
  Time since last request: 0.000023 seconds.
  path: Assets/Sprites/Actors/Enemies/CC0 Sprites Kenney/ghost_dead.png
  artifactKey: Guid(17bf4369e754b41a79d9109493105bbe) Importer(815301076,1909f56bfc062723c751e8b465ee728b)
Start importing Assets/Sprites/Actors/Enemies/CC0 Sprites Kenney/ghost_dead.png using Guid(17bf4369e754b41a79d9109493105bbe) Importer(815301076,1909f56bfc062723c751e8b465ee728b)  -> (artifact id: '990e6b68e2bd2086a41fb0ade0976125') in 0.010493 seconds 
========================================================================
Received Import Request.
  Time since last request: 1.654958 seconds.
  path: Assets/Sprites/Actors/Enemies/CC0 Sprites Kenney/snail.png
  artifactKey: Guid(7d0844ecc0f214062b2bed67fd525d71) Importer(815301076,1909f56bfc062723c751e8b465ee728b)
Start importing Assets/Sprites/Actors/Enemies/CC0 Sprites Kenney/snail.png using Guid(7d0844ecc0f214062b2bed67fd525d71) Importer(815301076,1909f56bfc062723c751e8b465ee728b)  -> (artifact id: '46dfb8b5f2a067b3c3bdaf44a1044e24') in 0.021330 seconds 
========================================================================
Received Import Request.
  Time since last request: 0.000017 seconds.
  path: Assets/Sprites/Actors/Enemies/CC0 Sprites Kenney/snake_walk.png
  artifactKey: Guid(d981fc04aebf24059aff7e80f733bacd) Importer(815301076,1909f56bfc062723c751e8b465ee728b)
Start importing Assets/Sprites/Actors/Enemies/CC0 Sprites Kenney/snake_walk.png using Guid(d981fc04aebf24059aff7e80f733bacd) Importer(815301076,1909f56bfc062723c751e8b465ee728b)  -> (artifact id: 'edcce054a731de18fb4e0a113db46a82') in 0.021443 seconds 
========================================================================
Received Import Request.
  Time since last request: 0.000020 seconds.
  path: Assets/Sprites/Actors/Enemies/CC0 Sprites Kenney/snakeLava_ani.png
  artifactKey: Guid(650b06a763cf74182be120bbd1c5a26f) Importer(815301076,1909f56bfc062723c751e8b465ee728b)
Start importing Assets/Sprites/Actors/Enemies/CC0 Sprites Kenney/snakeLava_ani.png using Guid(650b06a763cf74182be120bbd1c5a26f) Importer(815301076,1909f56bfc062723c751e8b465ee728b)  -> (artifact id: '3fc9c0c5ae340b618c4f6cb420ba0bf7') in 0.020288 seconds 
========================================================================
Received Import Request.
  Time since last request: 0.000018 seconds.
  path: Assets/Sprites/Actors/Enemies/CC0 Sprites Kenney/snakeLava.png
  artifactKey: Guid(62864999b8c4445698db43775f182982) Importer(815301076,1909f56bfc062723c751e8b465ee728b)
Start importing Assets/Sprites/Actors/Enemies/CC0 Sprites Kenney/snakeLava.png using Guid(62864999b8c4445698db43775f182982) Importer(815301076,1909f56bfc062723c751e8b465ee728b)  -> (artifact id: '954cff37b209a41e28c7bb24bd56b467') in 0.038025 seconds 
========================================================================
Received Import Request.
  Time since last request: 0.000025 seconds.
  path: Assets/Sprites/Actors/Enemies/CC0 Sprites Kenney/snakeLava_dead.png
  artifactKey: Guid(c6080951288b14d46ad3b6dc5f3bab08) Importer(815301076,1909f56bfc062723c751e8b465ee728b)
Start importing Assets/Sprites/Actors/Enemies/CC0 Sprites Kenney/snakeLava_dead.png using Guid(c6080951288b14d46ad3b6dc5f3bab08) Importer(815301076,1909f56bfc062723c751e8b465ee728b)  -> (artifact id: '93f6bb7df26ef706558ec1139e2f6057') in 0.064365 seconds 
========================================================================
Received Import Request.
  Time since last request: 0.000024 seconds.
  path: Assets/Sprites/Actors/Enemies/CC0 Sprites Kenney/snail_walk.png
  artifactKey: Guid(c55c5a3b4f64c424db2449430efe53b6) Importer(815301076,1909f56bfc062723c751e8b465ee728b)
Start importing Assets/Sprites/Actors/Enemies/CC0 Sprites Kenney/snail_walk.png using Guid(c55c5a3b4f64c424db2449430efe53b6) Importer(815301076,1909f56bfc062723c751e8b465ee728b)  -> (artifact id: 'a4aa325192d956c0bfd2dd2b3aea4d7a') in 0.016743 seconds 
========================================================================
Received Import Request.
  Time since last request: 0.000037 seconds.
  path: Assets/Sprites/Actors/Enemies/CC0 Sprites Kenney/snake_dead.png
  artifactKey: Guid(0e16bd51fb2224db69eb5f92a4498990) Importer(815301076,1909f56bfc062723c751e8b465ee728b)
Start importing Assets/Sprites/Actors/Enemies/CC0 Sprites Kenney/snake_dead.png using Guid(0e16bd51fb2224db69eb5f92a4498990) Importer(815301076,1909f56bfc062723c751e8b465ee728b)  -> (artifact id: '955c68e23d65c5b68aeca3c032eb9494') in 0.011591 seconds 
========================================================================
Received Import Request.
  Time since last request: 0.264976 seconds.
  path: Assets/Sprites/Actors/Enemies/CC0 Sprites Kenney/snakeSlime_hit.png
  artifactKey: Guid(b652062aee70642f1b2ce9aa706aaff2) Importer(815301076,1909f56bfc062723c751e8b465ee728b)
Start importing Assets/Sprites/Actors/Enemies/CC0 Sprites Kenney/snakeSlime_hit.png using Guid(b652062aee70642f1b2ce9aa706aaff2) Importer(815301076,1909f56bfc062723c751e8b465ee728b)  -> (artifact id: '2b91f331d65130be7711586c71f75d05') in 0.026112 seconds 
========================================================================
Received Import Request.
  Time since last request: 0.000016 seconds.
  path: Assets/Sprites/Actors/Enemies/CC0 Sprites Kenney/spinnerHalf.png
  artifactKey: Guid(7b6a367bf47c44ad2ab845a7b998dabd) Importer(815301076,1909f56bfc062723c751e8b465ee728b)
Start importing Assets/Sprites/Actors/Enemies/CC0 Sprites Kenney/spinnerHalf.png using Guid(7b6a367bf47c44ad2ab845a7b998dabd) Importer(815301076,1909f56bfc062723c751e8b465ee728b)  -> (artifact id: 'dcd6745f95b16b462157e1734a5d167e') in 0.028531 seconds 
========================================================================
Received Import Request.
  Time since last request: 0.000026 seconds.
  path: Assets/Sprites/Actors/Enemies/CC0 Sprites Kenney/spinnerHalf_spin.png
  artifactKey: Guid(10c1b13985d394e2f88a8ce658774932) Importer(815301076,1909f56bfc062723c751e8b465ee728b)
Start importing Assets/Sprites/Actors/Enemies/CC0 Sprites Kenney/spinnerHalf_spin.png using Guid(10c1b13985d394e2f88a8ce658774932) Importer(815301076,1909f56bfc062723c751e8b465ee728b)  -> (artifact id: '14f379f5bbfd1c63d48f69e5cbec56c1') in 0.030408 seconds 
========================================================================
Received Import Request.
  Time since last request: 0.000017 seconds.
  path: Assets/Sprites/Actors/Enemies/CC0 Sprites Kenney/spinnerHalf_dead.png
  artifactKey: Guid(1c5c48ed8e2de42819be6817179028b3) Importer(815301076,1909f56bfc062723c751e8b465ee728b)
Start importing Assets/Sprites/Actors/Enemies/CC0 Sprites Kenney/spinnerHalf_dead.png using Guid(1c5c48ed8e2de42819be6817179028b3) Importer(815301076,1909f56bfc062723c751e8b465ee728b)  -> (artifact id: 'e6067676310e92c3e690f4a5ba2c58ec') in 0.043106 seconds 
========================================================================
Received Import Request.
  Time since last request: 0.000021 seconds.
  path: Assets/Sprites/Actors/Enemies/CC0 Sprites Kenney/spinner_spin.png
  artifactKey: Guid(c839098015a1f455eb37340d2feb214e) Importer(815301076,1909f56bfc062723c751e8b465ee728b)
Start importing Assets/Sprites/Actors/Enemies/CC0 Sprites Kenney/spinner_spin.png using Guid(c839098015a1f455eb37340d2feb214e) Importer(815301076,1909f56bfc062723c751e8b465ee728b)  -> (artifact id: '8cb444c69d105dfdc04f2d8e39cd0d5e') in 0.028845 seconds 
========================================================================
Received Prepare
Registering precompiled user dll's ...
Registered in 0.003881 seconds.
Begin MonoManager ReloadAssembly
Symbol file LoadedFromMemory doesn't match image D:\Unity\MobilePlatformer\MobilePlatformer\Library\PackageCache\com.unity.visualscripting@1.8.0\Editor\VisualScripting.Core\Dependencies\YamlDotNet\Unity.VisualScripting.YamlDotNet.dll
Symbol file LoadedFromMemory doesn't match image D:\Unity\MobilePlatformer\MobilePlatformer\Library\PackageCache\com.unity.visualscripting@1.8.0\Editor\VisualScripting.Core\Dependencies\DotNetZip\Unity.VisualScripting.IonicZip.dll
Native extension for UWP target not found
Native extension for WindowsStandalone target not found
Native extension for Android target not found
Native extension for WebGL target not found
Refreshing native plugins compatible for Editor in 1.66 ms, found 4 plugins.
Preloading 0 native plugins for Editor in 0.00 ms.
Mono: successfully reloaded assembly
- Completed reload, in  1.543 seconds
Domain Reload Profiling:
	ReloadAssembly (1544ms)
		BeginReloadAssembly (162ms)
			ExecutionOrderSort (0ms)
			DisableScriptedObjects (6ms)
			BackupInstance (0ms)
			ReleaseScriptingObjects (0ms)
			CreateAndSetChildDomain (38ms)
		EndReloadAssembly (1262ms)
			LoadAssemblies (113ms)
			RebuildTransferFunctionScriptingTraits (0ms)
			SetupTypeCache (360ms)
			ReleaseScriptCaches (2ms)
			RebuildScriptCaches (101ms)
			SetupLoadedEditorAssemblies (577ms)
				LogAssemblyErrors (0ms)
				InitializePlatformSupportModulesInManaged (42ms)
				SetLoadedEditorAssemblies (0ms)
				RefreshPlugins (2ms)
				BeforeProcessingInitializeOnLoad (92ms)
				ProcessInitializeOnLoadAttributes (360ms)
				ProcessInitializeOnLoadMethodAttributes (70ms)
				AfterProcessingInitializeOnLoad (12ms)
				EditorAssembliesLoaded (0ms)
			ExecutionOrderSort2 (0ms)
			AwakeInstancesAfterBackupRestoration (12ms)
Platform modules already initialized, skipping
Refreshing native plugins compatible for Editor in 2.82 ms, found 4 plugins.
Preloading 0 native plugins for Editor in 0.00 ms.
Unloading 3756 Unused Serialized files (Serialized files now loaded: 0)
Unloading 28 unused Assets / (195.6 KB). Loaded Objects now: 4310.
Memory consumption went from 147.7 MB to 147.5 MB.
Total: 4.683900 ms (FindLiveObjects: 0.511100 ms CreateObjectMapping: 0.321600 ms MarkObjects: 3.487900 ms  DeleteObjects: 0.362300 ms)

AssetImportParameters requested are different than current active one (requested -> active):
  custom:video-decoder-ogg-theora: a1e56fd34408186e4bbccfd4996cb3dc -> 
  custom:container-muxer-webm: aa71ff27fc2769a1b78a27578f13a17b -> 
  custom:container-demuxer-webm: 4f35f7cbe854078d1ac9338744f61a02 -> 
  custom:video-encoder-webm-vp8: eb34c28f22e8b96e1ab97ce403110664 -> 
  custom:audio-encoder-webm-vorbis: bf7c407c2cedff20999df2af8eb42d56 -> 
  custom:framework-win-MediaFoundation: 216162199b28c13a410421893ffa2e32 -> 
  custom:container-demuxer-ogg: 62fdf1f143b41e24485cea50d1cbac27 -> 
  custom:video-decoder-webm-vp8: 9c59270c3fd7afecdb556c50c9e8de78 -> 
  custom:audio-decoder-ogg-vorbis: bf7c407c2cedff20999df2af8eb42d56 -> 
========================================================================
Received Prepare
Registering precompiled user dll's ...
Registered in 0.003676 seconds.
Begin MonoManager ReloadAssembly
Symbol file LoadedFromMemory doesn't match image D:\Unity\MobilePlatformer\MobilePlatformer\Library\PackageCache\com.unity.visualscripting@1.8.0\Editor\VisualScripting.Core\Dependencies\YamlDotNet\Unity.VisualScripting.YamlDotNet.dll
Symbol file LoadedFromMemory doesn't match image D:\Unity\MobilePlatformer\MobilePlatformer\Library\PackageCache\com.unity.visualscripting@1.8.0\Editor\VisualScripting.Core\Dependencies\DotNetZip\Unity.VisualScripting.IonicZip.dll
Native extension for UWP target not found
Native extension for WindowsStandalone target not found
Native extension for Android target not found
Native extension for WebGL target not found
Refreshing native plugins compatible for Editor in 0.85 ms, found 4 plugins.
Preloading 0 native plugins for Editor in 0.00 ms.
Mono: successfully reloaded assembly
- Completed reload, in  1.373 seconds
Domain Reload Profiling:
	ReloadAssembly (1374ms)
		BeginReloadAssembly (171ms)
			ExecutionOrderSort (0ms)
			DisableScriptedObjects (7ms)
			BackupInstance (0ms)
			ReleaseScriptingObjects (0ms)
			CreateAndSetChildDomain (44ms)
		EndReloadAssembly (1076ms)
			LoadAssemblies (120ms)
			RebuildTransferFunctionScriptingTraits (0ms)
			SetupTypeCache (284ms)
			ReleaseScriptCaches (2ms)
			RebuildScriptCaches (63ms)
			SetupLoadedEditorAssemblies (522ms)
				LogAssemblyErrors (0ms)
				InitializePlatformSupportModulesInManaged (58ms)
				SetLoadedEditorAssemblies (0ms)
				RefreshPlugins (1ms)
				BeforeProcessingInitializeOnLoad (91ms)
				ProcessInitializeOnLoadAttributes (292ms)
				ProcessInitializeOnLoadMethodAttributes (68ms)
				AfterProcessingInitializeOnLoad (11ms)
				EditorAssembliesLoaded (0ms)
			ExecutionOrderSort2 (0ms)
			AwakeInstancesAfterBackupRestoration (10ms)
Platform modules already initialized, skipping
Refreshing native plugins compatible for Editor in 3.29 ms, found 4 plugins.
Preloading 0 native plugins for Editor in 0.00 ms.
Unloading 3756 Unused Serialized files (Serialized files now loaded: 0)
Unloading 28 unused Assets / (195.3 KB). Loaded Objects now: 4313.
Memory consumption went from 147.7 MB to 147.5 MB.
Total: 3.536200 ms (FindLiveObjects: 0.332600 ms CreateObjectMapping: 0.225100 ms MarkObjects: 2.819000 ms  DeleteObjects: 0.158200 ms)

AssetImportParameters requested are different than current active one (requested -> active):
  custom:video-decoder-ogg-theora: a1e56fd34408186e4bbccfd4996cb3dc -> 
  custom:container-muxer-webm: aa71ff27fc2769a1b78a27578f13a17b -> 
  custom:container-demuxer-webm: 4f35f7cbe854078d1ac9338744f61a02 -> 
  custom:video-encoder-webm-vp8: eb34c28f22e8b96e1ab97ce403110664 -> 
  custom:audio-encoder-webm-vorbis: bf7c407c2cedff20999df2af8eb42d56 -> 
  custom:framework-win-MediaFoundation: 216162199b28c13a410421893ffa2e32 -> 
  custom:container-demuxer-ogg: 62fdf1f143b41e24485cea50d1cbac27 -> 
  custom:video-decoder-webm-vp8: 9c59270c3fd7afecdb556c50c9e8de78 -> 
  custom:audio-decoder-ogg-vorbis: bf7c407c2cedff20999df2af8eb42d56 -> 
========================================================================
Received Prepare
Registering precompiled user dll's ...
Registered in 0.004870 seconds.
Begin MonoManager ReloadAssembly
Symbol file LoadedFromMemory doesn't match image D:\Unity\MobilePlatformer\MobilePlatformer\Library\PackageCache\com.unity.visualscripting@1.8.0\Editor\VisualScripting.Core\Dependencies\YamlDotNet\Unity.VisualScripting.YamlDotNet.dll
Symbol file LoadedFromMemory doesn't match image D:\Unity\MobilePlatformer\MobilePlatformer\Library\PackageCache\com.unity.visualscripting@1.8.0\Editor\VisualScripting.Core\Dependencies\DotNetZip\Unity.VisualScripting.IonicZip.dll
Native extension for UWP target not found
Native extension for WindowsStandalone target not found
Native extension for Android target not found
Native extension for WebGL target not found
Refreshing native plugins compatible for Editor in 0.89 ms, found 4 plugins.
Preloading 0 native plugins for Editor in 0.00 ms.
Mono: successfully reloaded assembly
- Completed reload, in  1.577 seconds
Domain Reload Profiling:
	ReloadAssembly (1579ms)
		BeginReloadAssembly (148ms)
			ExecutionOrderSort (0ms)
			DisableScriptedObjects (8ms)
			BackupInstance (0ms)
			ReleaseScriptingObjects (0ms)
			CreateAndSetChildDomain (42ms)
		EndReloadAssembly (1300ms)
			LoadAssemblies (93ms)
			RebuildTransferFunctionScriptingTraits (0ms)
			SetupTypeCache (347ms)
			ReleaseScriptCaches (4ms)
			RebuildScriptCaches (96ms)
			SetupLoadedEditorAssemblies (563ms)
				LogAssemblyErrors (0ms)
				InitializePlatformSupportModulesInManaged (42ms)
				SetLoadedEditorAssemblies (0ms)
				RefreshPlugins (1ms)
				BeforeProcessingInitializeOnLoad (132ms)
				ProcessInitializeOnLoadAttributes (328ms)
				ProcessInitializeOnLoadMethodAttributes (49ms)
				AfterProcessingInitializeOnLoad (11ms)
				EditorAssembliesLoaded (0ms)
			ExecutionOrderSort2 (0ms)
			AwakeInstancesAfterBackupRestoration (11ms)
Platform modules already initialized, skipping
Refreshing native plugins compatible for Editor in 5.32 ms, found 4 plugins.
Preloading 0 native plugins for Editor in 0.00 ms.
Unloading 3756 Unused Serialized files (Serialized files now loaded: 0)
Unloading 28 unused Assets / (195.5 KB). Loaded Objects now: 4316.
Memory consumption went from 147.7 MB to 147.5 MB.
Total: 4.228400 ms (FindLiveObjects: 0.387900 ms CreateObjectMapping: 0.425500 ms MarkObjects: 3.238800 ms  DeleteObjects: 0.174500 ms)

AssetImportParameters requested are different than current active one (requested -> active):
  custom:video-decoder-ogg-theora: a1e56fd34408186e4bbccfd4996cb3dc -> 
  custom:container-muxer-webm: aa71ff27fc2769a1b78a27578f13a17b -> 
  custom:container-demuxer-webm: 4f35f7cbe854078d1ac9338744f61a02 -> 
  custom:video-encoder-webm-vp8: eb34c28f22e8b96e1ab97ce403110664 -> 
  custom:audio-encoder-webm-vorbis: bf7c407c2cedff20999df2af8eb42d56 -> 
  custom:framework-win-MediaFoundation: 216162199b28c13a410421893ffa2e32 -> 
  custom:container-demuxer-ogg: 62fdf1f143b41e24485cea50d1cbac27 -> 
  custom:video-decoder-webm-vp8: 9c59270c3fd7afecdb556c50c9e8de78 -> 
  custom:audio-decoder-ogg-vorbis: bf7c407c2cedff20999df2af8eb42d56 -> 
